\BOOKMARK [1][-]{section.1}{\376\377\000I\000n\000t\000r\000o\000d\000u\000c\000t\000i\000o\000n}{}% 1
\BOOKMARK [1][-]{section.2}{\376\377\000M\000e\000t\000h\000o\000d\000s}{}% 2
\BOOKMARK [2][-]{subsection.2.1}{\376\377\000M\000o\000d\000e\000l\000l\000i\000n\000g\000\040\000t\000h\000e\000\040\000e\000n\000v\000i\000r\000o\000n\000m\000e\000n\000t\000\040\000w\000i\000t\000h\000i\000n\000\040\000t\000h\000e\000\040\000p\000e\000n\000n\000i\000n\000g\000\040\000t\000r\000a\000p}{section.2}% 3
\BOOKMARK [2][-]{subsection.2.2}{\376\377\000A\000n\000a\000l\000y\000t\000i\000c\000\040\000e\000s\000t\000i\000m\000a\000t\000i\000o\000n\000\040\000o\000f\000\040\000m\000o\000v\000e\000m\000e\000n\000t\000\040\000o\000f\000\040\000p\000a\000r\000t\000i\000c\000l\000e\000s\000\040\000w\000i\000t\000h\000i\000n\000\040\000o\000u\000r\000\040\000s\000y\000s\000t\000e\000m}{section.2}% 4
\BOOKMARK [2][-]{subsection.2.3}{\376\377\000A\000\040\000s\000p\000e\000c\000i\000a\000l\000\040\000c\000a\000s\000e}{section.2}% 5
\BOOKMARK [2][-]{subsection.2.4}{\376\377\000N\000u\000m\000e\000r\000i\000c\000\040\000e\000s\000t\000i\000m\000a\000t\000i\000o\000n\000\040\000o\000f\000\040\000m\000o\000v\000e\000m\000e\000n\000t\000\040\000o\000f\000\040\000p\000a\000r\000t\000i\000c\000l\000e\000s\000\040\000w\000i\000t\000h\000i\000n\000\040\000o\000u\000r\000\040\000s\000y\000s\000t\000e\000m}{section.2}% 6
\BOOKMARK [3][-]{subsubsection.2.4.1}{\376\377\000T\000h\000e\000\040\000R\000u\000n\000g\000e\000-\000K\000u\000t\000t\000a\000\040\000m\000e\000t\000h\000o\000d}{subsection.2.4}% 7
\BOOKMARK [3][-]{subsubsection.2.4.2}{\376\377\000T\000h\000e\000\040\000F\000o\000r\000w\000a\000r\000d\000-\000E\000u\000l\000e\000r\000\040\000m\000e\000t\000h\000o\000d}{subsection.2.4}% 8
\BOOKMARK [2][-]{subsection.2.5}{\376\377\000E\000s\000t\000i\000m\000a\000t\000i\000o\000n\000\040\000o\000f\000\040\000e\000r\000r\000o\000r\000s}{section.2}% 9
\BOOKMARK [2][-]{subsection.2.6}{\376\377\000N\000u\000m\000b\000e\000r\000s}{section.2}% 10
\BOOKMARK [2][-]{subsection.2.7}{\376\377\000T\000o\000o\000l\000s}{section.2}% 11
\BOOKMARK [1][-]{section.3}{\376\377\000R\000e\000s\000u\000l\000t\000s}{}% 12
\BOOKMARK [2][-]{subsection.3.1}{\376\377\000P\000a\000r\000t\000i\000c\000l\000e\0001\000\040\000a\000l\000o\000n\000e\000\040\000i\000n\000\040\000t\000h\000e\000\040\000p\000e\000n\000n\000i\000n\000g\000\040\000t\000r\000a\000p}{section.3}% 13
\BOOKMARK [2][-]{subsection.3.2}{\376\377\000P\000a\000r\000t\000i\000c\000l\000e\0001\000\040\000a\000n\000d\000\040\000p\000a\000r\000t\000i\000c\000l\000e\0002\000\040\000i\000n\000\040\000t\000h\000e\000\040\000p\000e\000n\000n\000i\000n\000g\000\040\000t\000r\000a\000p}{section.3}% 14
\BOOKMARK [3][-]{subsubsection.3.2.1}{\376\377\000M\000o\000v\000e\000m\000e\000n\000t\000\040\000o\000f\000\040\000p\000a\000r\000t\000i\000c\000l\000e\000\040\0001\000\040\000a\000n\000d\000\040\0002\000\040\000i\000n\000\040\000t\000h\000e\000\040\000x\000y\000-\000p\000l\000a\000n\000e}{subsection.3.2}% 15
\BOOKMARK [3][-]{subsubsection.3.2.2}{\376\377\000P\000h\000a\000s\000e\000\040\000s\000p\000a\000c\000e\000\040\000p\000l\000o\000t\000s}{subsection.3.2}% 16
\BOOKMARK [3][-]{subsubsection.3.2.3}{\376\377\0003\000D\000\040\000p\000l\000o\000t\000s\000\040\000f\000o\000r\000\040\000m\000o\000v\000e\000m\000e\000n\000t\000\040\000i\000n\000\040\000t\000h\000e\000\040\000x\000y\000z\000-\000s\000p\000a\000c\000e}{subsection.3.2}% 17
\BOOKMARK [3][-]{subsubsection.3.2.4}{\376\377\000E\000r\000r\000o\000r\000\040\000a\000n\000a\000l\000y\000s\000i\000s\000\040\000-\000\040\000r\000e\000l\000a\000t\000i\000v\000e\000\040\000e\000r\000r\000o\000r}{subsection.3.2}% 18
\BOOKMARK [3][-]{subsubsection.3.2.5}{\376\377\000T\000i\000m\000e\000\040\000d\000e\000p\000e\000n\000d\000e\000n\000c\000y}{subsection.3.2}% 19
\BOOKMARK [1][-]{section.4}{\376\377\000D\000i\000s\000c\000u\000s\000s\000i\000o\000n}{}% 20
\BOOKMARK [1][-]{section.5}{\376\377\000C\000o\000n\000c\000l\000u\000s\000i\000o\000n}{}% 21
\BOOKMARK [1][-]{section.6}{\376\377\000R\000e\000f\000e\000r\000e\000n\000c\000e\000s}{}% 22
